Android/Rockstar/build/outputs/logs/manifest-merger-debug-report.txt
-- Merging decision tree log ---
manifest
ADDED from src/main/AndroidManifest.xml:2:1-84:12
	package
		ADDED from src/main/AndroidManifest.xml:4:5-30
	android:versionName
		ADDED from src/main/AndroidManifest.xml:7:5-30
		INJECTED from src/main/AndroidManifest.xml
		INJECTED from src/main/AndroidManifest.xml
	xmlns:tools
		ADDED from src/main/AndroidManifest.xml:3:5-51
	android:versionCode
		ADDED from src/main/AndroidManifest.xml:6:5-28
		INJECTED from src/main/AndroidManifest.xml
		INJECTED from src/main/AndroidManifest.xml
	xmlns:android
		ADDED from src/main/AndroidManifest.xml:2:11-69
	android:installLocation
		ADDED from src/main/AndroidManifest.xml:5:5-45
uses-sdk
ADDED from src/main/AndroidManifest.xml:9:5-11:41
MERGED from [com.facebook.android:facebook-android-sdk:4.6.0] AndroidManifest.xml:24:5-26:41
MERGED from [com.google.firebase:firebase-ads:10.2.6] AndroidManifest.xml:4:5-43
MERGED from [com.google.android.gms:play-services-ads:10.2.6] AndroidManifest.xml:17:5-43
MERGED from [com.google.android.gms:play-services-ads-lite:10.2.6] AndroidManifest.xml:22:5-43
MERGED from [com.google.android.gms:play-services-clearcut:10.2.6] AndroidManifest.xml:17:5-43
MERGED from [com.google.android.gms:play-services-base:10.2.6] AndroidManifest.xml:17:5-43
MERGED from [com.google.android.gms:play-services-gass:10.2.6] AndroidManifest.xml:3:5-43
MERGED from [com.google.firebase:firebase-core:10.2.6] AndroidManifest.xml:4:5-43
MERGED from [com.google.firebase:firebase-analytics:10.2.6] AndroidManifest.xml:17:5-43
MERGED from [com.google.firebase:firebase-analytics-impl:10.2.6] AndroidManifest.xml:17:5-43
MERGED from [com.google.firebase:firebase-iid:10.2.6] AndroidManifest.xml:17:5-43
MERGED from [com.google.firebase:firebase-common:10.2.6] AndroidManifest.xml:3:5-43
MERGED from [com.google.android.gms:play-services-tasks:10.2.6] AndroidManifest.xml:3:5-43
MERGED from [com.google.android.gms:play-services-basement:10.2.6] AndroidManifest.xml:17:5-43
MERGED from [com.android.support.constraint:constraint-layout:1.0.2] AndroidManifest.xml:5:5-7:41
MERGED from [com.android.support:support-v4:25.3.1] AndroidManifest.xml:21:5-23:54
MERGED from [com.android.support:support-fragment:25.3.1] AndroidManifest.xml:21:5-23:60
MERGED from [com.android.support:support-media-compat:25.3.1] AndroidManifest.xml:21:5-23:63
MERGED from [com.android.support:support-core-ui:25.3.1] AndroidManifest.xml:21:5-23:58
MERGED from [com.android.support:support-core-utils:25.3.1] AndroidManifest.xml:21:5-23:61
MERGED from [com.android.support:support-compat:25.3.1] AndroidManifest.xml:21:5-23:58
	tools:overrideLibrary
		ADDED from [com.android.support:support-v4:25.3.1] AndroidManifest.xml:23:9-51
	android:targetSdkVersion
		ADDED from src/main/AndroidManifest.xml:11:9-38
		INJECTED from src/main/AndroidManifest.xml
		INJECTED from src/main/AndroidManifest.xml
	android:minSdkVersion
		ADDED from src/main/AndroidManifest.xml:10:9-35
supports-screens
ADDED from src/main/AndroidManifest.xml:13:5-18:40
	android:largeScreens
		ADDED from src/main/AndroidManifest.xml:15:9-36
	android:smallScreens
		ADDED from src/main/AndroidManifest.xml:17:9-36
	android:normalScreens
		ADDED from src/main/AndroidManifest.xml:16:9-37
	android:xlargeScreens
		ADDED from src/main/AndroidManifest.xml:18:9-37
	android:anyDensity
		ADDED from src/main/AndroidManifest.xml:14:9-34
uses-feature#0x00020000
ADDED from src/main/AndroidManifest.xml:20:5-54
	android:glEsVersion
		ADDED from src/main/AndroidManifest.xml:20:19-51
uses-permission#android.permission.INTERNET
ADDED from src/main/AndroidManifest.xml:22:5-67
MERGED from [com.google.android.gms:play-services-ads-lite:10.2.6] AndroidManifest.xml:19:5-66
MERGED from [com.google.firebase:firebase-analytics:10.2.6] AndroidManifest.xml:20:5-66
MERGED from [com.google.firebase:firebase-analytics-impl:10.2.6] AndroidManifest.xml:20:5-66
MERGED from [com.google.firebase:firebase-iid:10.2.6] AndroidManifest.xml:20:5-66
	android:name
		ADDED from src/main/AndroidManifest.xml:22:22-64
uses-feature#android.hardware.touchscreen
ADDED from src/main/AndroidManifest.xml:24:5-26:36
	android:required
		ADDED from src/main/AndroidManifest.xml:26:9-33
	android:name
		ADDED from src/main/AndroidManifest.xml:25:9-52
uses-feature#android.hardware.touchscreen.multitouch
ADDED from src/main/AndroidManifest.xml:27:5-29:36
	android:required
		ADDED from src/main/AndroidManifest.xml:29:9-33
	android:name
		ADDED from src/main/AndroidManifest.xml:28:9-63
uses-feature#android.hardware.touchscreen.multitouch.distinct
ADDED from src/main/AndroidManifest.xml:30:5-32:36
	android:required
		ADDED from src/main/AndroidManifest.xml:32:9-33
	android:name
		ADDED from src/main/AndroidManifest.xml:31:9-72
uses-permission#com.android.vending.BILLING
ADDED from src/main/AndroidManifest.xml:34:5-67
	android:name
		ADDED from src/main/AndroidManifest.xml:34:22-64
uses-permission#android.permission.WRITE_EXTERNAL_STORAGE
ADDED from src/main/AndroidManifest.xml:35:5-81
	android:name
		ADDED from src/main/AndroidManifest.xml:35:22-78
uses-permission#android.permission.READ_EXTERNAL_STORAGE
ADDED from src/main/AndroidManifest.xml:37:5-80
	android:name
		ADDED from src/main/AndroidManifest.xml:37:22-77
application
ADDED from src/main/AndroidManifest.xml:39:5-82:19
MERGED from [com.facebook.android:facebook-android-sdk:4.6.0] AndroidManifest.xml:28:5-20
MERGED from [com.google.firebase:firebase-ads:10.2.6] AndroidManifest.xml:5:5-20
MERGED from [com.google.android.gms:play-services-ads-lite:10.2.6] AndroidManifest.xml:23:5-27:19
MERGED from [com.google.android.gms:play-services-clearcut:10.2.6] AndroidManifest.xml:18:5-19
MERGED from [com.google.android.gms:play-services-base:10.2.6] AndroidManifest.xml:18:5-20:19
MERGED from [com.google.android.gms:play-services-gass:10.2.6] AndroidManifest.xml:4:5-19
MERGED from [com.google.firebase:firebase-core:10.2.6] AndroidManifest.xml:5:5-20
MERGED from [com.google.firebase:firebase-analytics:10.2.6] AndroidManifest.xml:24:5-33:19
MERGED from [com.google.firebase:firebase-analytics-impl:10.2.6] AndroidManifest.xml:24:5-28:19
MERGED from [com.google.firebase:firebase-iid:10.2.6] AndroidManifest.xml:28:5-49:19
MERGED from [com.google.firebase:firebase-common:10.2.6] AndroidManifest.xml:4:5-7:19
MERGED from [com.google.android.gms:play-services-tasks:10.2.6] AndroidManifest.xml:4:5-19
MERGED from [com.google.android.gms:play-services-basement:10.2.6] AndroidManifest.xml:19:5-21:19
MERGED from [com.android.support.constraint:constraint-layout:1.0.2] AndroidManifest.xml:9:5-20
MERGED from [com.android.support:support-v4:25.3.1] AndroidManifest.xml:29:5-20
MERGED from [com.android.support:support-fragment:25.3.1] AndroidManifest.xml:29:5-20
MERGED from [com.android.support:support-media-compat:25.3.1] AndroidManifest.xml:29:5-20
MERGED from [com.android.support:support-core-ui:25.3.1] AndroidManifest.xml:29:5-20
MERGED from [com.android.support:support-core-utils:25.3.1] AndroidManifest.xml:29:5-20
MERGED from [com.android.support:support-compat:25.3.1] AndroidManifest.xml:29:5-20
	android:label
		ADDED from src/main/AndroidManifest.xml:44:9-41
	android:debuggable
		ADDED from src/main/AndroidManifest.xml:43:9-35
	android:icon
		ADDED from src/main/AndroidManifest.xml:41:9-42
	android:banner
		ADDED from src/main/AndroidManifest.xml:40:9-46
	android:theme
		ADDED from src/main/AndroidManifest.xml:45:9-50
	android:isGame
		ADDED from src/main/AndroidManifest.xml:42:9-30
activity#com.works.forme.Splashscreen
ADDED from src/main/AndroidManifest.xml:46:9-51:20
	android:name
		ADDED from src/main/AndroidManifest.xml:46:19-47
intent-filter#android.intent.action.MAIN+android.intent.category.LAUNCHER
ADDED from src/main/AndroidManifest.xml:47:13-50:29
action#android.intent.action.MAIN
ADDED from src/main/AndroidManifest.xml:48:17-69
	android:name
		ADDED from src/main/AndroidManifest.xml:48:25-66
category#android.intent.category.LAUNCHER
ADDED from src/main/AndroidManifest.xml:49:17-77
	android:name
		ADDED from src/main/AndroidManifest.xml:49:27-74
activity#com.works.forme.StartActivity
ADDED from src/main/AndroidManifest.xml:52:9-60
	android:name
		ADDED from src/main/AndroidManifest.xml:52:19-48
activity#com.works.forme.UnityPlayerActivity
ADDED from src/main/AndroidManifest.xml:53:9-67:20
	android:screenOrientation
		ADDED from src/main/AndroidManifest.xml:58:13-56
	android:label
		ADDED from src/main/AndroidManifest.xml:56:13-45
	android:launchMode
		ADDED from src/main/AndroidManifest.xml:57:13-44
	android:configChanges
		ADDED from src/main/AndroidManifest.xml:55:13-170
	android:name
		ADDED from src/main/AndroidManifest.xml:54:13-48
intent-filter#android.intent.category.LAUNCHER+android.intent.category.LEANBACK_LAUNCHER
ADDED from src/main/AndroidManifest.xml:59:13-62:29
category#android.intent.category.LEANBACK_LAUNCHER
ADDED from src/main/AndroidManifest.xml:61:17-86
	android:name
		ADDED from src/main/AndroidManifest.xml:61:27-83
meta-data#unityplayer.UnityActivity
ADDED from src/main/AndroidManifest.xml:64:13-66:40
	android:value
		ADDED from src/main/AndroidManifest.xml:66:17-37
	android:name
		ADDED from src/main/AndroidManifest.xml:65:17-57
activity#com.facebook.FacebookActivity
ADDED from src/main/AndroidManifest.xml:68:9-72:75
	android:label
		ADDED from src/main/AndroidManifest.xml:71:13-45
	android:configChanges
		ADDED from src/main/AndroidManifest.xml:70:13-96
	android:theme
		ADDED from src/main/AndroidManifest.xml:72:13-72
	android:name
		ADDED from src/main/AndroidManifest.xml:69:13-57
activity#com.works.forme.InAppPurchase
ADDED from src/main/AndroidManifest.xml:73:9-81:20
	android:label
		ADDED from src/main/AndroidManifest.xml:75:13-67
	android:name
		ADDED from src/main/AndroidManifest.xml:74:13-57
intent-filter#android.intent.category.DEFAULT+com.works.forme.InAppPurchaseFragment
ADDED from src/main/AndroidManifest.xml:76:13-80:29
category#android.intent.category.DEFAULT
ADDED from src/main/AndroidManifest.xml:77:17-76
	android:name
		ADDED from src/main/AndroidManifest.xml:77:27-73
action#com.works.forme.InAppPurchaseFragment
ADDED from src/main/AndroidManifest.xml:78:17-80
	android:name
		ADDED from src/main/AndroidManifest.xml:78:25-77
uses-permission#android.permission.ACCESS_NETWORK_STATE
ADDED from [com.google.android.gms:play-services-ads-lite:10.2.6] AndroidManifest.xml:20:5-78
MERGED from [com.google.firebase:firebase-analytics:10.2.6] AndroidManifest.xml:21:5-78
MERGED from [com.google.firebase:firebase-analytics-impl:10.2.6] AndroidManifest.xml:21:5-78
MERGED from [com.google.firebase:firebase-iid:10.2.6] AndroidManifest.xml:19:5-78
	android:name
		ADDED from [com.google.android.gms:play-services-ads-lite:10.2.6] AndroidManifest.xml:20:22-76
activity#com.google.android.gms.ads.AdActivity
ADDED from [com.google.android.gms:play-services-ads-lite:10.2.6] AndroidManifest.xml:25:9-232
	android:configChanges
		ADDED from [com.google.android.gms:play-services-ads-lite:10.2.6] AndroidManifest.xml:25:72-181
	android:theme
		ADDED from [com.google.android.gms:play-services-ads-lite:10.2.6] AndroidManifest.xml:25:182-230
	android:name
		ADDED from [com.google.android.gms:play-services-ads-lite:10.2.6] AndroidManifest.xml:25:19-71
activity#com.google.android.gms.ads.purchase.InAppPurchaseActivity
ADDED from [com.google.android.gms:play-services-ads-lite:10.2.6] AndroidManifest.xml:26:9-131
	android:theme
		ADDED from [com.google.android.gms:play-services-ads-lite:10.2.6] AndroidManifest.xml:26:92-129
	android:name
		ADDED from [com.google.android.gms:play-services-ads-lite:10.2.6] AndroidManifest.xml:26:19-91
activity#com.google.android.gms.common.api.GoogleApiActivity
ADDED from [com.google.android.gms:play-services-base:10.2.6] AndroidManifest.xml:19:9-172
	android:exported
		ADDED from [com.google.android.gms:play-services-base:10.2.6] AndroidManifest.xml:19:146-170
	android:theme
		ADDED from [com.google.android.gms:play-services-base:10.2.6] AndroidManifest.xml:19:86-145
	android:name
		ADDED from [com.google.android.gms:play-services-base:10.2.6] AndroidManifest.xml:19:19-85
uses-permission#android.permission.WAKE_LOCK
ADDED from [com.google.firebase:firebase-analytics:10.2.6] AndroidManifest.xml:22:5-67
MERGED from [com.google.firebase:firebase-analytics-impl:10.2.6] AndroidManifest.xml:22:5-67
MERGED from [com.google.firebase:firebase-iid:10.2.6] AndroidManifest.xml:21:5-67
	android:name
		ADDED from [com.google.firebase:firebase-analytics:10.2.6] AndroidManifest.xml:22:22-65
receiver#com.google.android.gms.measurement.AppMeasurementReceiver
ADDED from [com.google.firebase:firebase-analytics:10.2.6] AndroidManifest.xml:25:7-26:18
MERGED from [com.google.firebase:firebase-analytics-impl:10.2.6] AndroidManifest.xml:25:7-26:18
	android:enabled
		ADDED from [com.google.firebase:firebase-analytics:10.2.6] AndroidManifest.xml:25:90-112
	android:exported
		ADDED from [com.google.firebase:firebase-analytics:10.2.6] AndroidManifest.xml:25:113-137
	android:name
		ADDED from [com.google.firebase:firebase-analytics:10.2.6] AndroidManifest.xml:25:17-89
receiver#com.google.android.gms.measurement.AppMeasurementInstallReferrerReceiver
ADDED from [com.google.firebase:firebase-analytics:10.2.6] AndroidManifest.xml:27:7-31:18
	android:enabled
		ADDED from [com.google.firebase:firebase-analytics:10.2.6] AndroidManifest.xml:27:162-184
	android:permission
		ADDED from [com.google.firebase:firebase-analytics:10.2.6] AndroidManifest.xml:27:105-161
	android:name
		ADDED from [com.google.firebase:firebase-analytics:10.2.6] AndroidManifest.xml:27:17-104
intent-filter#com.android.vending.INSTALL_REFERRER
ADDED from [com.google.firebase:firebase-analytics:10.2.6] AndroidManifest.xml:28:11-30:27
action#com.android.vending.INSTALL_REFERRER
ADDED from [com.google.firebase:firebase-analytics:10.2.6] AndroidManifest.xml:29:15-76
	android:name
		ADDED from [com.google.firebase:firebase-analytics:10.2.6] AndroidManifest.xml:29:23-74
service#com.google.android.gms.measurement.AppMeasurementService
ADDED from [com.google.firebase:firebase-analytics:10.2.6] AndroidManifest.xml:32:7-137
MERGED from [com.google.firebase:firebase-analytics-impl:10.2.6] AndroidManifest.xml:27:7-137
	android:enabled
		ADDED from [com.google.firebase:firebase-analytics:10.2.6] AndroidManifest.xml:32:88-110
	android:exported
		ADDED from [com.google.firebase:firebase-analytics:10.2.6] AndroidManifest.xml:32:111-135
	android:name
		ADDED from [com.google.firebase:firebase-analytics:10.2.6] AndroidManifest.xml:32:16-87
uses-permission#com.google.android.c2dm.permission.RECEIVE
ADDED from [com.google.firebase:firebase-iid:10.2.6] AndroidManifest.xml:22:5-81
	android:name
		ADDED from [com.google.firebase:firebase-iid:10.2.6] AndroidManifest.xml:22:22-79
permission#${applicationId}.permission.C2D_MESSAGE
ADDED from [com.google.firebase:firebase-iid:10.2.6] AndroidManifest.xml:24:5-109
	android:protectionLevel
		ADDED from [com.google.firebase:firebase-iid:10.2.6] AndroidManifest.xml:24:72-107
	android:name
		ADDED from [com.google.firebase:firebase-iid:10.2.6] AndroidManifest.xml:24:17-71
		INJECTED from src/main/AndroidManifest.xml
uses-permission#${applicationId}.permission.C2D_MESSAGE
ADDED from [com.google.firebase:firebase-iid:10.2.6] AndroidManifest.xml:26:5-78
	android:name
		ADDED from [com.google.firebase:firebase-iid:10.2.6] AndroidManifest.xml:26:22-76
		INJECTED from src/main/AndroidManifest.xml
receiver#com.google.firebase.iid.FirebaseInstanceIdReceiver
ADDED from [com.google.firebase:firebase-iid:10.2.6] AndroidManifest.xml:30:9-35:20
	android:exported
		ADDED from [com.google.firebase:firebase-iid:10.2.6] AndroidManifest.xml:30:85-108
	android:permission
		ADDED from [com.google.firebase:firebase-iid:10.2.6] AndroidManifest.xml:30:109-169
	android:name
		ADDED from [com.google.firebase:firebase-iid:10.2.6] AndroidManifest.xml:30:19-84
intent-filter#${applicationId}+com.google.android.c2dm.intent.RECEIVE
ADDED from [com.google.firebase:firebase-iid:10.2.6] AndroidManifest.xml:31:13-34:29
action#com.google.android.c2dm.intent.RECEIVE
ADDED from [com.google.firebase:firebase-iid:10.2.6] AndroidManifest.xml:32:17-80
	android:name
		ADDED from [com.google.firebase:firebase-iid:10.2.6] AndroidManifest.xml:32:25-78
category#${applicationId}
ADDED from [com.google.firebase:firebase-iid:10.2.6] AndroidManifest.xml:33:17-60
	android:name
		ADDED from [com.google.firebase:firebase-iid:10.2.6] AndroidManifest.xml:33:27-58
		INJECTED from src/main/AndroidManifest.xml
receiver#com.google.firebase.iid.FirebaseInstanceIdInternalReceiver
ADDED from [com.google.firebase:firebase-iid:10.2.6] AndroidManifest.xml:39:9-119
	android:exported
		ADDED from [com.google.firebase:firebase-iid:10.2.6] AndroidManifest.xml:39:93-117
	android:name
		ADDED from [com.google.firebase:firebase-iid:10.2.6] AndroidManifest.xml:39:19-92
service#com.google.firebase.iid.FirebaseInstanceIdService
ADDED from [com.google.firebase:firebase-iid:10.2.6] AndroidManifest.xml:43:9-47:19
	android:exported
		ADDED from [com.google.firebase:firebase-iid:10.2.6] AndroidManifest.xml:43:83-106
	android:name
		ADDED from [com.google.firebase:firebase-iid:10.2.6] AndroidManifest.xml:43:18-82
intent-filter#com.google.firebase.INSTANCE_ID_EVENT
ADDED from [com.google.firebase:firebase-iid:10.2.6] AndroidManifest.xml:44:13-46:29
	android:priority
		ADDED from [com.google.firebase:firebase-iid:10.2.6] AndroidManifest.xml:44:28-51
action#com.google.firebase.INSTANCE_ID_EVENT
ADDED from [com.google.firebase:firebase-iid:10.2.6] AndroidManifest.xml:45:17-79
	android:name
		ADDED from [com.google.firebase:firebase-iid:10.2.6] AndroidManifest.xml:45:25-77
provider#com.google.firebase.provider.FirebaseInitProvider
ADDED from [com.google.firebase:firebase-common:10.2.6] AndroidManifest.xml:6:9-194
	android:authorities
		ADDED from [com.google.firebase:firebase-common:10.2.6] AndroidManifest.xml:6:19-78
		INJECTED from src/main/AndroidManifest.xml
	android:exported
		ADDED from [com.google.firebase:firebase-common:10.2.6] AndroidManifest.xml:6:144-168
	android:initOrder
		ADDED from [com.google.firebase:firebase-common:10.2.6] AndroidManifest.xml:6:169-192
	android:name
		ADDED from [com.google.firebase:firebase-common:10.2.6] AndroidManifest.xml:6:79-143
meta-data#com.google.android.gms.version
ADDED from [com.google.android.gms:play-services-basement:10.2.6] AndroidManifest.xml:20:9-121
	android:value
		ADDED from [com.google.android.gms:play-services-basement:10.2.6] AndroidManifest.xml:20:66-119
	android:name
		ADDED from [com.google.android.gms:play-services-basement:10.2.6] AndroidManifest.xml:20:20-65
meta-data#android.support.VERSION
ADDED from [com.android.support:support-v4:25.3.1] AndroidManifest.xml:25:5-27:34
MERGED from [com.android.support:support-fragment:25.3.1] AndroidManifest.xml:25:5-27:34
MERGED from [com.android.support:support-media-compat:25.3.1] AndroidManifest.xml:25:5-27:34
MERGED from [com.android.support:support-core-ui:25.3.1] AndroidManifest.xml:25:5-27:34
MERGED from [com.android.support:support-core-utils:25.3.1] AndroidManifest.xml:25:5-27:34
MERGED from [com.android.support:support-compat:25.3.1] AndroidManifest.xml:25:5-27:34
	android:value
		ADDED from [com.android.support:support-v4:25.3.1] AndroidManifest.xml:27:9-31
	android:name
		ADDED from [com.android.support:support-v4:25.3.1] AndroidManifest.xml:26:9-47